<?xml version="1.0" encoding="UTF-8"?>
<!-- Generated by org.testng.reporters.JUnitXMLReporter -->
<testsuite hostname="Kunal" name="Test" tests="6" failures="0" timestamp="13 May 2021 03:00:17 GMT" time="0.115" errors="0">
  <testcase name="android" time="0.055" classname="qaclickacademy.AppiumTest"/>
  <testcase name="iphone" time="0.0" classname="qaclickacademy.AppiumTest"/>
  <testcase name="broswertest" time="0.0" classname="qaclickacademy.SeleniumTest"/>
  <testcase name="elementeTest" time="0.0" classname="qaclickacademy.SeleniumTest"/>
  <testcase name="deleteTwitter" time="0.0" classname="qaclickacademy.RestAPITest"/>
  <testcase name="postJira" time="0.0" classname="qaclickacademy.RestAPITest"/>
</testsuite> <!-- Test -->
