<?xml version="1.0" encoding="UTF-8"?>
<testng-results ignored="0" total="2" passed="2" failed="0" skipped="0">
  <reporter-output>
  </reporter-output>
  <suite started-at="2021-04-25T11:38:11 IST" name="Default suite" finished-at="2021-04-25T11:38:12 IST" duration-ms="343">
    <groups>
    </groups>
    <test started-at="2021-04-25T11:38:11 IST" name="Default test" finished-at="2021-04-25T11:38:12 IST" duration-ms="343">
      <class name="qaclickacademy.SeleniumTest">
        <test-method signature="broswertest()[pri:0, instance:qaclickacademy.SeleniumTest@7b227d8d]" started-at="2021-04-25T11:38:12 IST" name="broswertest" finished-at="2021-04-25T11:38:12 IST" duration-ms="54" status="PASS">
          <reporter-output>
          </reporter-output>
        </test-method> <!-- broswertest -->
        <test-method signature="elementeTest()[pri:0, instance:qaclickacademy.SeleniumTest@7b227d8d]" started-at="2021-04-25T11:38:12 IST" name="elementeTest" finished-at="2021-04-25T11:38:12 IST" duration-ms="5" status="PASS">
          <reporter-output>
          </reporter-output>
        </test-method> <!-- elementeTest -->
      </class> <!-- qaclickacademy.SeleniumTest -->
    </test> <!-- Default test -->
  </suite> <!-- Default suite -->
</testng-results>
